<html>
<head>
<title>TestNG:  Default test</title>
<link href="../testng.css" rel="stylesheet" type="text/css" />
<link href="../my-testng.css" rel="stylesheet" type="text/css" />

<style type="text/css">
.log { display: none;} 
.stack-trace { display: none;} 
</style>
<script type="text/javascript">
<!--
function flip(e) {
  current = e.style.display;
  if (current == 'block') {
    e.style.display = 'none';
    return 0;
  }
  else {
    e.style.display = 'block';
    return 1;
  }
}

function toggleBox(szDivId, elem, msg1, msg2)
{
  var res = -1;  if (document.getElementById) {
    res = flip(document.getElementById(szDivId));
  }
  else if (document.all) {
    // this is the way old msie versions work
    res = flip(document.all[szDivId]);
  }
  if(elem) {
    if(res == 0) elem.innerHTML = msg1; else elem.innerHTML = msg2;
  }

}

function toggleAllBoxes() {
  if (document.getElementsByTagName) {
    d = document.getElementsByTagName('div');
    for (i = 0; i < d.length; i++) {
      if (d[i].className == 'log') {
        flip(d[i]);
      }
    }
  }
}

// -->
</script>

</head>
<body>
<h2 align='center'>Default test</h2><table border='1' align="center">
<tr>
<td>Tests passed/Failed/Skipped:</td><td>1/1/0</td>
</tr><tr>
<td>Started on:</td><td>Tue Jun 08 23:39:25 PDT 2021</td>
</tr>
<tr><td>Total time:</td><td>7 seconds (7635 ms)</td>
</tr><tr>
<td>Included groups:</td><td></td>
</tr><tr>
<td>Excluded groups:</td><td></td>
</tr>
</table><p/>
<small><i>(Hover the method name to see the test class name)</i></small><p/>
<table width='100%' border='1' class='invocation-failed'>
<tr><td colspan='4' align='center'><b>FAILED TESTS</b></td></tr>
<tr><td><b>Test method</b></td>
<td width="30%"><b>Exception</b></td>
<td width="10%"><b>Time (seconds)</b></td>
<td><b>Instance</b></td>
</tr>
<tr>
<td title='coralAcademy.api.test.parent.ParentRegisterEmail.verifyEmailRegistration()'><b>verifyEmailRegistration</b><br>Test class: coralAcademy.api.test.parent.ParentRegisterEmail</td>
<td><div><pre>java.lang.IllegalArgumentException: Invalid JSON expression:
Script1.groovy: 1: Unexpected input: &apos;                         {&apos; @ line 1, column 27.
                            {&quot;data&quot;:{&quot;user&quot;:{&quot;id&quot;:1,&quot;first_name&quot;:&quot;test&quot;,&quot;last_name&quot;:&quot;test_last&quot;,&quot;email&quot;:&quot;test@mail.com&quot;,&quot;google_token&quot;:null},&quot;access_token&quot;:&quot;ff5f8bc33844262c8db1d664123da3d56db9e4fd&quot;,&quot;expiration&quot;:&quot;2021-07-09T06:39:30Z&quot;}}
                             ^

1 error

	at sun.reflect.NativeConstructorAccessorImpl.newInstance0(Native Method)
	at sun.reflect.NativeConstructorAccessorImpl.newInstance(NativeConstructorAccessorImpl.java:62)
	at sun.reflect.DelegatingConstructorAccessorImpl.newInstance(DelegatingConstructorAccessorImpl.java:45)
	at java.lang.reflect.Constructor.newInstance(Constructor.java:423)
	at org.codehaus.groovy.reflection.CachedConstructor.invoke(CachedConstructor.java:72)
	at org.codehaus.groovy.runtime.callsite.ConstructorSite$ConstructorSiteNoUnwrapNoCoerce.callConstructor(ConstructorSite.java:105)
	at org.codehaus.groovy.runtime.callsite.CallSiteArray.defaultCallConstructor(CallSiteArray.java:59)
	at org.codehaus.groovy.runtime.callsite.AbstractCallSite.callConstructor(AbstractCallSite.java:263)
	at org.codehaus.groovy.runtime.callsite.AbstractCallSite.callConstructor(AbstractCallSite.java:286)
	at io.restassured.internal.path.json.JSONAssertion.getAsJsonObject(JSONAssertion.groovy:57)
	at io.restassured.path.json.JsonPath.getJsonObject(JsonPath.java:1010)
	at coralAcademy.api.test.parent.ParentRegisterEmail.verifyEmailRegistration(ParentRegisterEmail.java:43)
	at sun.reflect.NativeMethodAccessorImpl.invoke0(Native Method)
	at sun.reflect.NativeMethodAccessorImpl.invoke(NativeMethodAccessorImpl.java:62)
	at sun.reflect.DelegatingMethodAccessorImpl.invoke(DelegatingMethodAccessorImpl.java:43)
	at java.lang.reflect.Method.invoke(Method.java:498)
	at org.testng.internal.MethodInvocationHelper.invokeMethod(MethodInvocationHelper.java:132)
	at org.testng.internal.TestInvoker.invokeMethod(TestInvoker.java:599)
	at org.testng.internal.TestInvoker.invokeTestMethod(TestInvoker.java:174)
	at org.testng.internal.MethodRunner.runInSequence(MethodRunner.java:46)
	at org.testng.internal.TestInvoker$MethodInvocationAgent.invoke(TestInvoker.java:822)
	at org.testng.internal.TestInvoker.invokeTestMethods(TestInvoker.java:147)
	at org.testng.internal.TestMethodWorker.invokeTestMethods(TestMethodWorker.java:146)
	at org.testng.internal.TestMethodWorker.run(TestMethodWorker.java:128)
	at java.util.ArrayList.forEach(ArrayList.java:1259)
	at org.testng.TestRunner.privateRun(TestRunner.java:764)
	at org.testng.TestRunner.run(TestRunner.java:585)
	at org.testng.SuiteRunner.runTest(SuiteRunner.java:384)
	at org.testng.SuiteRunner.runSequentially(SuiteRunner.java:378)
	at org.testng.SuiteRunner.privateRun(SuiteRunner.java:337)
	at org.testng.SuiteRunner.run(SuiteRunner.java:286)
	at org.testng.SuiteRunnerWorker.runSuite(SuiteRunnerWorker.java:53)
	at org.testng.SuiteRunnerWorker.run(SuiteRunnerWorker.java:96)
	at org.testng.TestNG.runSuitesSequentially(TestNG.java:1218)
	at org.testng.TestNG.runSuitesLocally(TestNG.java:1140)
	at org.testng.TestNG.runSuites(TestNG.java:1069)
	at org.testng.TestNG.run(TestNG.java:1037)
	at org.testng.remote.AbstractRemoteTestNG.run(AbstractRemoteTestNG.java:115)
	at org.testng.remote.RemoteTestNG.initAndRun(RemoteTestNG.java:251)
	at org.testng.remote.RemoteTestNG.main(RemoteTestNG.java:77)
Caused by: org.codehaus.groovy.control.MultipleCompilationErrorsException: startup failed:
Script1.groovy: 1: Unexpected input: &apos;restAssuredJsonRootObject.{&apos; @ line 1, column 27.
   restAssuredJsonRootObject.{&quot;data&quot;:{&quot;user&quot;:{&quot;id&quot;:1,&quot;first_name&quot;:&quot;test&quot;,&quot;last_name&quot;:&quot;test_last&quot;,&quot;email&quot;:&quot;test@mail.com&quot;,&quot;google_token&quot;:null},&quot;access_token&quot;:&quot;ff5f8bc33844262c8db1d664123da3d56db9e4fd&quot;,&quot;expiration&quot;:&quot;2021-07-09T06:39:30Z&quot;}}
                             ^

1 error

	at org.codehaus.groovy.control.ErrorCollector.failIfErrors(ErrorCollector.java:295)
	at org.codehaus.groovy.control.ErrorCollector.addFatalError(ErrorCollector.java:151)
	at org.apache.groovy.parser.antlr4.AstBuilder.collectSyntaxError(AstBuilder.java:4582)
	at org.apache.groovy.parser.antlr4.AstBuilder.access$000(AstBuilder.java:341)
	at org.apache.groovy.parser.antlr4.AstBuilder$1.syntaxError(AstBuilder.java:4597)
	at groovyjarjarantlr4.v4.runtime.ProxyErrorListener.syntaxError(ProxyErrorListener.java:44)
	at groovyjarjarantlr4.v4.runtime.Parser.notifyErrorListeners(Parser.java:543)
	at groovyjarjarantlr4.v4.runtime.DefaultErrorStrategy.notifyErrorListeners(DefaultErrorStrategy.java:154)
	at org.apache.groovy.parser.antlr4.internal.DescriptiveErrorStrategy.reportNoViableAlternative(DescriptiveErrorStrategy.java:92)
	at org.apache.groovy.parser.antlr4.internal.DescriptiveErrorStrategy.recover(DescriptiveErrorStrategy.java:53)
	at org.apache.groovy.parser.antlr4.GroovyParser.scriptStatement(GroovyParser.java:522)
	at org.apache.groovy.parser.antlr4.GroovyParser.scriptStatements(GroovyParser.java:410)
	at org.apache.groovy.parser.antlr4.GroovyParser.compilationUnit(GroovyParser.java:357)
	at org.apache.groovy.parser.antlr4.AstBuilder.buildCST(AstBuilder.java:405)
	at org.apache.groovy.parser.antlr4.AstBuilder.buildCST(AstBuilder.java:384)
	at org.apache.groovy.parser.antlr4.AstBuilder.buildAST(AstBuilder.java:424)
	at org.apache.groovy.parser.antlr4.Antlr4ParserPlugin.buildAST(Antlr4ParserPlugin.java:58)
	at org.codehaus.groovy.control.SourceUnit.buildAST(SourceUnit.java:257)
	at java.util.Iterator.forEachRemaining(Iterator.java:116)
	at java.util.Spliterators$IteratorSpliterator.forEachRemaining(Spliterators.java:1801)
	at java.util.stream.ReferencePipeline$Head.forEach(ReferencePipeline.java:647)
	at org.codehaus.groovy.control.CompilationUnit.buildASTs(CompilationUnit.java:666)
	at org.codehaus.groovy.control.CompilationUnit.compile(CompilationUnit.java:632)
	at groovy.lang.GroovyClassLoader.doParseClass(GroovyClassLoader.java:389)
	at groovy.lang.GroovyClassLoader.lambda$parseClass$3(GroovyClassLoader.java:332)
	at org.codehaus.groovy.runtime.memoize.StampedCommonCache.compute(StampedCommonCache.java:163)
	at org.codehaus.groovy.runtime.memoize.StampedCommonCache.getAndPut(StampedCommonCache.java:154)
	at groovy.lang.GroovyClassLoader.parseClass(GroovyClassLoader.java:330)
	at groovy.lang.GroovyShell.parseClass(GroovyShell.java:526)
	at groovy.lang.GroovyShell.parse(GroovyShell.java:538)
	at groovy.lang.GroovyShell.evaluate(GroovyShell.java:426)
	at groovy.lang.GroovyShell.evaluate(GroovyShell.java:461)
	at groovy.lang.GroovyShell.evaluate(GroovyShell.java:436)
	at sun.reflect.NativeMethodAccessorImpl.invoke0(Native Method)
	at sun.reflect.NativeMethodAccessorImpl.invoke(NativeMethodAccessorImpl.java:62)
	at sun.reflect.DelegatingMethodAccessorImpl.invoke(DelegatingMethodAccessorImpl.java:43)
	at java.lang.reflect.Method.invoke(Method.java:498)
	at org.codehaus.groovy.runtime.callsite.PlainObjectMetaMethodSite.doInvoke(PlainObjectMetaMethodSite.java:43)
	at org.codehaus.groovy.runtime.callsite.PogoMetaMethodSite$PogoCachedMethodSiteNoUnwrap.invoke(PogoMetaMethodSite.java:182)
	at org.codehaus.groovy.runtime.callsite.PogoMetaMethodSite.call(PogoMetaMethodSite.java:73)
	at org.codehaus.groovy.runtime.callsite.AbstractCallSite.call(AbstractCallSite.java:139)
	at io.restassured.internal.path.json.JSONAssertion.eval(JSONAssertion.groovy:80)
	at sun.reflect.NativeMethodAccessorImpl.invoke0(Native Method)
	at sun.reflect.NativeMethodAccessorImpl.invoke(NativeMethodAccessorImpl.java:62)
	at sun.reflect.DelegatingMethodAccessorImpl.invoke(DelegatingMethodAccessorImpl.java:43)
	at java.lang.reflect.Method.invoke(Method.java:498)
	at org.codehaus.groovy.runtime.callsite.PlainObjectMetaMethodSite.doInvoke(PlainObjectMetaMethodSite.java:43)
	at org.codehaus.groovy.runtime.callsite.PogoMetaMethodSite$PogoCachedMethodSiteNoUnwrapNoCoerce.invoke(PogoMetaMethodSite.java:193)
	at org.codehaus.groovy.runtime.callsite.PogoMetaMethodSite.callCurrent(PogoMetaMethodSite.java:61)
	at org.codehaus.groovy.runtime.callsite.AbstractCallSite.callCurrent(AbstractCallSite.java:203)
	at io.restassured.internal.path.json.JSONAssertion.getAsJsonObject(JSONAssertion.groovy:46)
	... 30 more
</pre></div><a href='#' onClick='toggleBox("stack-trace391827378", this, "Click to show all stack frames", "Click to hide stack frames")'>Click to show all stack frames</a>
<div class='stack-trace' id='stack-trace391827378'><pre>java.lang.IllegalArgumentException: Invalid JSON expression:
Script1.groovy: 1: Unexpected input: &apos;                         {&apos; @ line 1, column 27.
                            {&quot;data&quot;:{&quot;user&quot;:{&quot;id&quot;:1,&quot;first_name&quot;:&quot;test&quot;,&quot;last_name&quot;:&quot;test_last&quot;,&quot;email&quot;:&quot;test@mail.com&quot;,&quot;google_token&quot;:null},&quot;access_token&quot;:&quot;ff5f8bc33844262c8db1d664123da3d56db9e4fd&quot;,&quot;expiration&quot;:&quot;2021-07-09T06:39:30Z&quot;}}
                             ^

1 error

	at sun.reflect.NativeConstructorAccessorImpl.newInstance0(Native Method)
	at sun.reflect.NativeConstructorAccessorImpl.newInstance(NativeConstructorAccessorImpl.java:62)
	at sun.reflect.DelegatingConstructorAccessorImpl.newInstance(DelegatingConstructorAccessorImpl.java:45)
	at java.lang.reflect.Constructor.newInstance(Constructor.java:423)
	at org.codehaus.groovy.reflection.CachedConstructor.invoke(CachedConstructor.java:72)
	at org.codehaus.groovy.runtime.callsite.ConstructorSite$ConstructorSiteNoUnwrapNoCoerce.callConstructor(ConstructorSite.java:105)
	at org.codehaus.groovy.runtime.callsite.CallSiteArray.defaultCallConstructor(CallSiteArray.java:59)
	at org.codehaus.groovy.runtime.callsite.AbstractCallSite.callConstructor(AbstractCallSite.java:263)
	at org.codehaus.groovy.runtime.callsite.AbstractCallSite.callConstructor(AbstractCallSite.java:286)
	at io.restassured.internal.path.json.JSONAssertion.getAsJsonObject(JSONAssertion.groovy:57)
	at io.restassured.path.json.JsonPath.getJsonObject(JsonPath.java:1010)
	at coralAcademy.api.test.parent.ParentRegisterEmail.verifyEmailRegistration(ParentRegisterEmail.java:43)
	at sun.reflect.NativeMethodAccessorImpl.invoke0(Native Method)
	at sun.reflect.NativeMethodAccessorImpl.invoke(NativeMethodAccessorImpl.java:62)
	at sun.reflect.DelegatingMethodAccessorImpl.invoke(DelegatingMethodAccessorImpl.java:43)
	at java.lang.reflect.Method.invoke(Method.java:498)
	at org.testng.internal.MethodInvocationHelper.invokeMethod(MethodInvocationHelper.java:132)
	at org.testng.internal.TestInvoker.invokeMethod(TestInvoker.java:599)
	at org.testng.internal.TestInvoker.invokeTestMethod(TestInvoker.java:174)
	at org.testng.internal.MethodRunner.runInSequence(MethodRunner.java:46)
	at org.testng.internal.TestInvoker$MethodInvocationAgent.invoke(TestInvoker.java:822)
	at org.testng.internal.TestInvoker.invokeTestMethods(TestInvoker.java:147)
	at org.testng.internal.TestMethodWorker.invokeTestMethods(TestMethodWorker.java:146)
	at org.testng.internal.TestMethodWorker.run(TestMethodWorker.java:128)
	at java.util.ArrayList.forEach(ArrayList.java:1259)
	at org.testng.TestRunner.privateRun(TestRunner.java:764)
	at org.testng.TestRunner.run(TestRunner.java:585)
	at org.testng.SuiteRunner.runTest(SuiteRunner.java:384)
	at org.testng.SuiteRunner.runSequentially(SuiteRunner.java:378)
	at org.testng.SuiteRunner.privateRun(SuiteRunner.java:337)
	at org.testng.SuiteRunner.run(SuiteRunner.java:286)
	at org.testng.SuiteRunnerWorker.runSuite(SuiteRunnerWorker.java:53)
	at org.testng.SuiteRunnerWorker.run(SuiteRunnerWorker.java:96)
	at org.testng.TestNG.runSuitesSequentially(TestNG.java:1218)
	at org.testng.TestNG.runSuitesLocally(TestNG.java:1140)
	at org.testng.TestNG.runSuites(TestNG.java:1069)
	at org.testng.TestNG.run(TestNG.java:1037)
	at org.testng.remote.AbstractRemoteTestNG.run(AbstractRemoteTestNG.java:115)
	at org.testng.remote.RemoteTestNG.initAndRun(RemoteTestNG.java:251)
	at org.testng.remote.RemoteTestNG.main(RemoteTestNG.java:77)
Caused by: org.codehaus.groovy.control.MultipleCompilationErrorsException: startup failed:
Script1.groovy: 1: Unexpected input: &apos;restAssuredJsonRootObject.{&apos; @ line 1, column 27.
   restAssuredJsonRootObject.{&quot;data&quot;:{&quot;user&quot;:{&quot;id&quot;:1,&quot;first_name&quot;:&quot;test&quot;,&quot;last_name&quot;:&quot;test_last&quot;,&quot;email&quot;:&quot;test@mail.com&quot;,&quot;google_token&quot;:null},&quot;access_token&quot;:&quot;ff5f8bc33844262c8db1d664123da3d56db9e4fd&quot;,&quot;expiration&quot;:&quot;2021-07-09T06:39:30Z&quot;}}
                             ^

1 error

	at org.codehaus.groovy.control.ErrorCollector.failIfErrors(ErrorCollector.java:295)
	at org.codehaus.groovy.control.ErrorCollector.addFatalError(ErrorCollector.java:151)
	at org.apache.groovy.parser.antlr4.AstBuilder.collectSyntaxError(AstBuilder.java:4582)
	at org.apache.groovy.parser.antlr4.AstBuilder.access$000(AstBuilder.java:341)
	at org.apache.groovy.parser.antlr4.AstBuilder$1.syntaxError(AstBuilder.java:4597)
	at groovyjarjarantlr4.v4.runtime.ProxyErrorListener.syntaxError(ProxyErrorListener.java:44)
	at groovyjarjarantlr4.v4.runtime.Parser.notifyErrorListeners(Parser.java:543)
	at groovyjarjarantlr4.v4.runtime.DefaultErrorStrategy.notifyErrorListeners(DefaultErrorStrategy.java:154)
	at org.apache.groovy.parser.antlr4.internal.DescriptiveErrorStrategy.reportNoViableAlternative(DescriptiveErrorStrategy.java:92)
	at org.apache.groovy.parser.antlr4.internal.DescriptiveErrorStrategy.recover(DescriptiveErrorStrategy.java:53)
	at org.apache.groovy.parser.antlr4.GroovyParser.scriptStatement(GroovyParser.java:522)
	at org.apache.groovy.parser.antlr4.GroovyParser.scriptStatements(GroovyParser.java:410)
	at org.apache.groovy.parser.antlr4.GroovyParser.compilationUnit(GroovyParser.java:357)
	at org.apache.groovy.parser.antlr4.AstBuilder.buildCST(AstBuilder.java:405)
	at org.apache.groovy.parser.antlr4.AstBuilder.buildCST(AstBuilder.java:384)
	at org.apache.groovy.parser.antlr4.AstBuilder.buildAST(AstBuilder.java:424)
	at org.apache.groovy.parser.antlr4.Antlr4ParserPlugin.buildAST(Antlr4ParserPlugin.java:58)
	at org.codehaus.groovy.control.SourceUnit.buildAST(SourceUnit.java:257)
	at java.util.Iterator.forEachRemaining(Iterator.java:116)
	at java.util.Spliterators$IteratorSpliterator.forEachRemaining(Spliterators.java:1801)
	at java.util.stream.ReferencePipeline$Head.forEach(ReferencePipeline.java:647)
	at org.codehaus.groovy.control.CompilationUnit.buildASTs(CompilationUnit.java:666)
	at org.codehaus.groovy.control.CompilationUnit.compile(CompilationUnit.java:632)
	at groovy.lang.GroovyClassLoader.doParseClass(GroovyClassLoader.java:389)
	at groovy.lang.GroovyClassLoader.lambda$parseClass$3(GroovyClassLoader.java:332)
	at org.codehaus.groovy.runtime.memoize.StampedCommonCache.compute(StampedCommonCache.java:163)
	at org.codehaus.groovy.runtime.memoize.StampedCommonCache.getAndPut(StampedCommonCache.java:154)
	at groovy.lang.GroovyClassLoader.parseClass(GroovyClassLoader.java:330)
	at groovy.lang.GroovyShell.parseClass(GroovyShell.java:526)
	at groovy.lang.GroovyShell.parse(GroovyShell.java:538)
	at groovy.lang.GroovyShell.evaluate(GroovyShell.java:426)
	at groovy.lang.GroovyShell.evaluate(GroovyShell.java:461)
	at groovy.lang.GroovyShell.evaluate(GroovyShell.java:436)
	at sun.reflect.NativeMethodAccessorImpl.invoke0(Native Method)
	at sun.reflect.NativeMethodAccessorImpl.invoke(NativeMethodAccessorImpl.java:62)
	at sun.reflect.DelegatingMethodAccessorImpl.invoke(DelegatingMethodAccessorImpl.java:43)
	at java.lang.reflect.Method.invoke(Method.java:498)
	at org.codehaus.groovy.runtime.callsite.PlainObjectMetaMethodSite.doInvoke(PlainObjectMetaMethodSite.java:43)
	at org.codehaus.groovy.runtime.callsite.PogoMetaMethodSite$PogoCachedMethodSiteNoUnwrap.invoke(PogoMetaMethodSite.java:182)
	at org.codehaus.groovy.runtime.callsite.PogoMetaMethodSite.call(PogoMetaMethodSite.java:73)
	at org.codehaus.groovy.runtime.callsite.AbstractCallSite.call(AbstractCallSite.java:139)
	at io.restassured.internal.path.json.JSONAssertion.eval(JSONAssertion.groovy:80)
	at sun.reflect.NativeMethodAccessorImpl.invoke0(Native Method)
	at sun.reflect.NativeMethodAccessorImpl.invoke(NativeMethodAccessorImpl.java:62)
	at sun.reflect.DelegatingMethodAccessorImpl.invoke(DelegatingMethodAccessorImpl.java:43)
	at java.lang.reflect.Method.invoke(Method.java:498)
	at org.codehaus.groovy.runtime.callsite.PlainObjectMetaMethodSite.doInvoke(PlainObjectMetaMethodSite.java:43)
	at org.codehaus.groovy.runtime.callsite.PogoMetaMethodSite$PogoCachedMethodSiteNoUnwrapNoCoerce.invoke(PogoMetaMethodSite.java:193)
	at org.codehaus.groovy.runtime.callsite.PogoMetaMethodSite.callCurrent(PogoMetaMethodSite.java:61)
	at org.codehaus.groovy.runtime.callsite.AbstractCallSite.callCurrent(AbstractCallSite.java:203)
	at io.restassured.internal.path.json.JSONAssertion.getAsJsonObject(JSONAssertion.groovy:46)
	... 30 more
</pre></div></td>
<td>0</td>
<td>coralAcademy.api.test.parent.ParentRegisterEmail@21a947fe</td></tr>
</table><p>
<table width='100%' border='1' class='invocation-passed'>
<tr><td colspan='4' align='center'><b>PASSED TESTS</b></td></tr>
<tr><td><b>Test method</b></td>
<td width="30%"><b>Exception</b></td>
<td width="10%"><b>Time (seconds)</b></td>
<td><b>Instance</b></td>
</tr>
<tr>
<td title='coralAcademy.api.test.parent.ParentRegisterEmail.registerEmail()'><b>registerEmail</b><br>Test class: coralAcademy.api.test.parent.ParentRegisterEmail<br>Parameters: fname, lname, test@mail.com, test123</td>
<td></td>
<td>7</td>
<td>coralAcademy.api.test.parent.ParentRegisterEmail@21a947fe</td></tr>
</table><p>
</body>
</html>