<?xml version="1.0" encoding="UTF-8"?>
<!-- Generated by org.testng.reporters.JUnitReportReporter -->
<testsuite skipped="0" hostname="cid" name="coralAcademy.api.test.parent.ParentRegisterEmail" tests="2" failures="0" timestamp="2021-06-08T23:39:34 PDT" time="7.368" errors="1">
  <testcase name="registerEmail" time="7.148" classname="coralAcademy.api.test.parent.ParentRegisterEmail"/>
  <system-out/>
  <testcase name="verifyEmailRegistration" time="0.220" classname="coralAcademy.api.test.parent.ParentRegisterEmail">
    <error type="java.lang.IllegalArgumentException" message="Invalid JSON expression:
Script1.groovy: 1: Unexpected input: &#039;                         {&#039; @ line 1, column 27.
                            {&quot;data&quot;:{&quot;user&quot;:{&quot;id&quot;:1,&quot;first_name&quot;:&quot;test&quot;,&quot;last_name&quot;:&quot;test_last&quot;,&quot;email&quot;:&quot;test@mail.com&quot;,&quot;google_token&quot;:null},&quot;access_token&quot;:&quot;ff5f8bc33844262c8db1d664123da3d56db9e4fd&quot;,&quot;expiration&quot;:&quot;2021-07-09T06:39:30Z&quot;}}
                             ^

1 error
">
      <![CDATA[java.lang.IllegalArgumentException: Invalid JSON expression:
Script1.groovy: 1: Unexpected input: '                         {' @ line 1, column 27.
                            {"data":{"user":{"id":1,"first_name":"test","last_name":"test_last","email":"test@mail.com","google_token":null},"access_token":"ff5f8bc33844262c8db1d664123da3d56db9e4fd","expiration":"2021-07-09T06:39:30Z"}}
                             ^

1 error

at sun.reflect.NativeConstructorAccessorImpl.newInstance0(Native Method)
at sun.reflect.NativeConstructorAccessorImpl.newInstance(NativeConstructorAccessorImpl.java:62)
at sun.reflect.DelegatingConstructorAccessorImpl.newInstance(DelegatingConstructorAccessorImpl.java:45)
at java.lang.reflect.Constructor.newInstance(Constructor.java:423)
at org.codehaus.groovy.reflection.CachedConstructor.invoke(CachedConstructor.java:72)
at org.codehaus.groovy.runtime.callsite.ConstructorSite$ConstructorSiteNoUnwrapNoCoerce.callConstructor(ConstructorSite.java:105)
at org.codehaus.groovy.runtime.callsite.CallSiteArray.defaultCallConstructor(CallSiteArray.java:59)
at org.codehaus.groovy.runtime.callsite.AbstractCallSite.callConstructor(AbstractCallSite.java:263)
at org.codehaus.groovy.runtime.callsite.AbstractCallSite.callConstructor(AbstractCallSite.java:286)
at io.restassured.internal.path.json.JSONAssertion.getAsJsonObject(JSONAssertion.groovy:57)
at io.restassured.path.json.JsonPath.getJsonObject(JsonPath.java:1010)
at coralAcademy.api.test.parent.ParentRegisterEmail.verifyEmailRegistration(ParentRegisterEmail.java:43)
at sun.reflect.NativeMethodAccessorImpl.invoke0(Native Method)
at sun.reflect.NativeMethodAccessorImpl.invoke(NativeMethodAccessorImpl.java:62)
at sun.reflect.DelegatingMethodAccessorImpl.invoke(DelegatingMethodAccessorImpl.java:43)
at java.lang.reflect.Method.invoke(Method.java:498)
at org.testng.internal.MethodInvocationHelper.invokeMethod(MethodInvocationHelper.java:132)
at org.testng.internal.TestInvoker.invokeMethod(TestInvoker.java:599)
at org.testng.internal.TestInvoker.invokeTestMethod(TestInvoker.java:174)
at org.testng.internal.MethodRunner.runInSequence(MethodRunner.java:46)
at org.testng.internal.TestInvoker$MethodInvocationAgent.invoke(TestInvoker.java:822)
at org.testng.internal.TestInvoker.invokeTestMethods(TestInvoker.java:147)
at org.testng.internal.TestMethodWorker.invokeTestMethods(TestMethodWorker.java:146)
at org.testng.internal.TestMethodWorker.run(TestMethodWorker.java:128)
at java.util.ArrayList.forEach(ArrayList.java:1259)
at org.testng.TestRunner.privateRun(TestRunner.java:764)
at org.testng.TestRunner.run(TestRunner.java:585)
at org.testng.SuiteRunner.runTest(SuiteRunner.java:384)
at org.testng.SuiteRunner.runSequentially(SuiteRunner.java:378)
at org.testng.SuiteRunner.privateRun(SuiteRunner.java:337)
at org.testng.SuiteRunner.run(SuiteRunner.java:286)
at org.testng.SuiteRunnerWorker.runSuite(SuiteRunnerWorker.java:53)
at org.testng.SuiteRunnerWorker.run(SuiteRunnerWorker.java:96)
at org.testng.TestNG.runSuitesSequentially(TestNG.java:1218)
at org.testng.TestNG.runSuitesLocally(TestNG.java:1140)
at org.testng.TestNG.runSuites(TestNG.java:1069)
at org.testng.TestNG.run(TestNG.java:1037)
at org.testng.remote.AbstractRemoteTestNG.run(AbstractRemoteTestNG.java:115)
at org.testng.remote.RemoteTestNG.initAndRun(RemoteTestNG.java:251)
at org.testng.remote.RemoteTestNG.main(RemoteTestNG.java:77)
Caused by: org.codehaus.groovy.control.MultipleCompilationErrorsException: startup failed:
Script1.groovy: 1: Unexpected input: 'restAssuredJsonRootObject.{' @ line 1, column 27.
   restAssuredJsonRootObject.{"data":{"user":{"id":1,"first_name":"test","last_name":"test_last","email":"test@mail.com","google_token":null},"access_token":"ff5f8bc33844262c8db1d664123da3d56db9e4fd","expiration":"2021-07-09T06:39:30Z"}}
                             ^

1 error

at org.codehaus.groovy.control.ErrorCollector.failIfErrors(ErrorCollector.java:295)
at org.codehaus.groovy.control.ErrorCollector.addFatalError(ErrorCollector.java:151)
at org.apache.groovy.parser.antlr4.AstBuilder.collectSyntaxError(AstBuilder.java:4582)
at org.apache.groovy.parser.antlr4.AstBuilder.access$000(AstBuilder.java:341)
at org.apache.groovy.parser.antlr4.AstBuilder$1.syntaxError(AstBuilder.java:4597)
at groovyjarjarantlr4.v4.runtime.ProxyErrorListener.syntaxError(ProxyErrorListener.java:44)
at groovyjarjarantlr4.v4.runtime.Parser.notifyErrorListeners(Parser.java:543)
at groovyjarjarantlr4.v4.runtime.DefaultErrorStrategy.notifyErrorListeners(DefaultErrorStrategy.java:154)
at org.apache.groovy.parser.antlr4.internal.DescriptiveErrorStrategy.reportNoViableAlternative(DescriptiveErrorStrategy.java:92)
at org.apache.groovy.parser.antlr4.internal.DescriptiveErrorStrategy.recover(DescriptiveErrorStrategy.java:53)
at org.apache.groovy.parser.antlr4.GroovyParser.scriptStatement(GroovyParser.java:522)
at org.apache.groovy.parser.antlr4.GroovyParser.scriptStatements(GroovyParser.java:410)
at org.apache.groovy.parser.antlr4.GroovyParser.compilationUnit(GroovyParser.java:357)
at org.apache.groovy.parser.antlr4.AstBuilder.buildCST(AstBuilder.java:405)
at org.apache.groovy.parser.antlr4.AstBuilder.buildCST(AstBuilder.java:384)
at org.apache.groovy.parser.antlr4.AstBuilder.buildAST(AstBuilder.java:424)
at org.apache.groovy.parser.antlr4.Antlr4ParserPlugin.buildAST(Antlr4ParserPlugin.java:58)
at org.codehaus.groovy.control.SourceUnit.buildAST(SourceUnit.java:257)
at java.util.Iterator.forEachRemaining(Iterator.java:116)
at java.util.Spliterators$IteratorSpliterator.forEachRemaining(Spliterators.java:1801)
at java.util.stream.ReferencePipeline$Head.forEach(ReferencePipeline.java:647)
at org.codehaus.groovy.control.CompilationUnit.buildASTs(CompilationUnit.java:666)
at org.codehaus.groovy.control.CompilationUnit.compile(CompilationUnit.java:632)
at groovy.lang.GroovyClassLoader.doParseClass(GroovyClassLoader.java:389)
at groovy.lang.GroovyClassLoader.lambda$parseClass$3(GroovyClassLoader.java:332)
at org.codehaus.groovy.runtime.memoize.StampedCommonCache.compute(StampedCommonCache.java:163)
at org.codehaus.groovy.runtime.memoize.StampedCommonCache.getAndPut(StampedCommonCache.java:154)
at groovy.lang.GroovyClassLoader.parseClass(GroovyClassLoader.java:330)
at groovy.lang.GroovyShell.parseClass(GroovyShell.java:526)
at groovy.lang.GroovyShell.parse(GroovyShell.java:538)
at groovy.lang.GroovyShell.evaluate(GroovyShell.java:426)
at groovy.lang.GroovyShell.evaluate(GroovyShell.java:461)
at groovy.lang.GroovyShell.evaluate(GroovyShell.java:436)
at sun.reflect.NativeMethodAccessorImpl.invoke0(Native Method)
at sun.reflect.NativeMethodAccessorImpl.invoke(NativeMethodAccessorImpl.java:62)
at sun.reflect.DelegatingMethodAccessorImpl.invoke(DelegatingMethodAccessorImpl.java:43)
at java.lang.reflect.Method.invoke(Method.java:498)
at org.codehaus.groovy.runtime.callsite.PlainObjectMetaMethodSite.doInvoke(PlainObjectMetaMethodSite.java:43)
at org.codehaus.groovy.runtime.callsite.PogoMetaMethodSite$PogoCachedMethodSiteNoUnwrap.invoke(PogoMetaMethodSite.java:182)
at org.codehaus.groovy.runtime.callsite.PogoMetaMethodSite.call(PogoMetaMethodSite.java:73)
at org.codehaus.groovy.runtime.callsite.AbstractCallSite.call(AbstractCallSite.java:139)
at io.restassured.internal.path.json.JSONAssertion.eval(JSONAssertion.groovy:80)
at sun.reflect.NativeMethodAccessorImpl.invoke0(Native Method)
at sun.reflect.NativeMethodAccessorImpl.invoke(NativeMethodAccessorImpl.java:62)
at sun.reflect.DelegatingMethodAccessorImpl.invoke(DelegatingMethodAccessorImpl.java:43)
at java.lang.reflect.Method.invoke(Method.java:498)
at org.codehaus.groovy.runtime.callsite.PlainObjectMetaMethodSite.doInvoke(PlainObjectMetaMethodSite.java:43)
at org.codehaus.groovy.runtime.callsite.PogoMetaMethodSite$PogoCachedMethodSiteNoUnwrapNoCoerce.invoke(PogoMetaMethodSite.java:193)
at org.codehaus.groovy.runtime.callsite.PogoMetaMethodSite.callCurrent(PogoMetaMethodSite.java:61)
at org.codehaus.groovy.runtime.callsite.AbstractCallSite.callCurrent(AbstractCallSite.java:203)
at io.restassured.internal.path.json.JSONAssertion.getAsJsonObject(JSONAssertion.groovy:46)
... 30 more
]]>
    </error>
  </testcase> <!-- verifyEmailRegistration -->
  <system-out/>
</testsuite> <!-- coralAcademy.api.test.parent.ParentRegisterEmail -->
